2024-03-18 09:38:16,462 [ERROR] ConfigurationRetriever:142 - IOException on connection: sw-center.st.com
2024-03-18 09:38:16,482 [ERROR] ConfigurationRetriever:142 - IOException on connection: sw-center.st.com
2024-03-18 09:38:16,483 [ERROR] ConfigurationRetriever:142 - IOException on connection: sw-center.st.com
2024-03-18 09:39:28,073 [ERROR] ConfigurationRetriever:142 - IOException on connection: sw-center.st.com
2024-03-18 09:39:28,074 [ERROR] ConfigurationRetriever:142 - IOException on connection: sw-center.st.com
2024-03-18 09:39:28,074 [ERROR] ConfigurationRetriever:142 - IOException on connection: sw-center.st.com
2024-03-18 09:45:00,198 [ERROR] LogOutputStream:75 - [STDERR_REDIRECT] 
2024-03-18 11:38:54,677 [INFO] Activator:176 - 


2024-03-18 11:38:54,679 [INFO] Activator:177 - !SESSION log4j initialized
2024-03-18 11:39:02,363 [INFO] LogOutputStream:77 - [STDOUT_REDIRECT] 
2024-03-18 11:39:12,884 [INFO] ApplicationProperties:184 - Using Application install path: C:\ST\STM32CubeIDE_1.12.0\STM32CubeIDE\plugins\com.st.stm32cube.common.mx_6.10.0.202311202037
2024-03-18 11:39:12,916 [INFO] DbMcusXml:78 - Set database path to: C:\ST\STM32CubeIDE_1.12.0\STM32CubeIDE\plugins\com.st.stm32cube.common.mx_6.10.0.202311202037\\db\/mcu/
2024-03-18 11:39:12,918 [INFO] ApiDb:274 - Set plugin database path to: C:\ST\STM32CubeIDE_1.12.0\STM32CubeIDE\plugins\com.st.stm32cube.common.mx_6.10.0.202311202037\\db\/plugins/boardmanager/
2024-03-18 11:39:12,918 [WARN] ApiDb:259 - Overriding images path with different value:  => C:\ST\STM32CubeIDE_1.12.0\STM32CubeIDE\plugins\com.st.stm32cube.common.mx_6.10.0.202311202037\\db\/plugins/mcufinder/images/
2024-03-18 11:39:12,932 [INFO] ApiDb:250 - Set database path to: C:\Users\RD2\.stmcufinder\plugins\mcufinder//mcu/
2024-03-18 11:39:12,934 [INFO] DbMcusAds:125 - Set database path to: C:\Users\RD2\.stmcufinder\plugins\mcufinder//mcu/
2024-03-18 11:39:12,994 [INFO] CrossReferenceDbSqlite:203 - Set database path to: C:\Users\RD2\.stmcufinder\plugins\mcufinder//mcu/cs/
2024-03-18 11:39:13,251 [INFO] RulesReader:64 - Compatibility file has been processed (297 Rules)
2024-03-18 11:39:13,419 [INFO] DbMcusXml:78 - Set database path to: C:\ST\STM32CubeIDE_1.12.0\STM32CubeIDE\plugins\com.st.stm32cube.common.mx_6.10.0.202311202037\\db\/mcu/
2024-03-18 11:39:13,419 [INFO] ApiDb:274 - Set plugin database path to: C:\ST\STM32CubeIDE_1.12.0\STM32CubeIDE\plugins\com.st.stm32cube.common.mx_6.10.0.202311202037\\db\/plugins/boardmanager/
2024-03-18 11:39:13,419 [INFO] ApiDb:261 - Set plugin images path to: C:\ST\STM32CubeIDE_1.12.0\STM32CubeIDE\plugins\com.st.stm32cube.common.mx_6.10.0.202311202037\\db\/plugins/mcufinder/images/
2024-03-18 11:39:13,419 [WARN] DbFile:41 - Overriding database path with different value: C:\Users\RD2\.stmcufinder\plugins\mcufinder/ => C:\Users\RD2\.stmcufinder\plugins\mcufinder
2024-03-18 11:39:13,420 [INFO] ApiDb:250 - Set database path to: C:\Users\RD2\.stmcufinder\plugins\mcufinder//mcu/
2024-03-18 11:39:13,420 [WARN] DbFile:41 - Overriding database path with different value: C:\Users\RD2\.stmcufinder\plugins\mcufinder/ => C:\Users\RD2\.stmcufinder\plugins\mcufinder
2024-03-18 11:39:13,420 [INFO] DbMcusAds:125 - Set database path to: C:\Users\RD2\.stmcufinder\plugins\mcufinder//mcu/
2024-03-18 11:39:13,420 [WARN] DbFile:41 - Overriding database path with different value: C:\Users\RD2\.stmcufinder\plugins\mcufinder/ => C:\Users\RD2\.stmcufinder\plugins\mcufinder
2024-03-18 11:39:13,420 [WARN] DbFile:41 - Overriding database path with different value: C:\Users\RD2\.stmcufinder\plugins\mcufinder/ => C:\Users\RD2\.stmcufinder\plugins\mcufinder
2024-03-18 11:39:13,420 [INFO] CrossReferenceDbSqlite:203 - Set database path to: C:\Users\RD2\.stmcufinder\plugins\mcufinder//mcu/cs/
2024-03-18 11:39:13,525 [INFO] MainPanel:264 - HeapMemory: 268435456
2024-03-18 11:39:13,641 [INFO] DbMcusXml:78 - Set database path to: C:\ST\STM32CubeIDE_1.12.0\STM32CubeIDE\plugins\com.st.stm32cube.common.mx_6.10.0.202311202037\\db\/mcu/
2024-03-18 11:39:13,642 [INFO] ApiDb:274 - Set plugin database path to: C:\ST\STM32CubeIDE_1.12.0\STM32CubeIDE\plugins\com.st.stm32cube.common.mx_6.10.0.202311202037\\db\/plugins/boardmanager/
2024-03-18 11:39:13,642 [INFO] ApiDb:261 - Set plugin images path to: C:\ST\STM32CubeIDE_1.12.0\STM32CubeIDE\plugins\com.st.stm32cube.common.mx_6.10.0.202311202037\\db\/plugins/mcufinder/images/
2024-03-18 11:39:13,642 [WARN] DbFile:41 - Overriding database path with different value: C:\Users\RD2\.stmcufinder\plugins\mcufinder/ => C:\Users\RD2\.stmcufinder\plugins\mcufinder
2024-03-18 11:39:13,642 [INFO] ApiDb:250 - Set database path to: C:\Users\RD2\.stmcufinder\plugins\mcufinder//mcu/
2024-03-18 11:39:13,642 [WARN] DbFile:41 - Overriding database path with different value: C:\Users\RD2\.stmcufinder\plugins\mcufinder/ => C:\Users\RD2\.stmcufinder\plugins\mcufinder
2024-03-18 11:39:13,642 [INFO] DbMcusAds:125 - Set database path to: C:\Users\RD2\.stmcufinder\plugins\mcufinder//mcu/
2024-03-18 11:39:13,643 [WARN] DbFile:41 - Overriding database path with different value: C:\Users\RD2\.stmcufinder\plugins\mcufinder/ => C:\Users\RD2\.stmcufinder\plugins\mcufinder
2024-03-18 11:39:13,643 [WARN] DbFile:41 - Overriding database path with different value: C:\Users\RD2\.stmcufinder\plugins\mcufinder/ => C:\Users\RD2\.stmcufinder\plugins\mcufinder
2024-03-18 11:39:13,643 [INFO] CrossReferenceDbSqlite:203 - Set database path to: C:\Users\RD2\.stmcufinder\plugins\mcufinder//mcu/cs/
2024-03-18 11:39:13,665 [INFO] ApplicationProperties:184 - Using Application install path: C:\ST\STM32CubeIDE_1.12.0\STM32CubeIDE\plugins\com.st.stm32cube.common.mx_6.10.0.202311202037
2024-03-18 11:39:13,667 [INFO] PluginManage:196 - Search for loadable plugins [exclusion list=, ]
2024-03-18 11:39:13,668 [INFO] PluginManage:310 - Check plugin analytics
2024-03-18 11:39:23,217 [INFO] AnalyticsPlugin:253 - Accepted Software Licenses: 
2024-03-18 11:39:23,217 [INFO] AnalyticsPlugin:255 - Accepted CMSIS Pack Licenses: 
2024-03-18 11:39:23,217 [INFO] AnalyticsPlugin:257 - Accepted Firmware Licenses: FW.F4.1.27.0,FW.F4.1.28.0
2024-03-18 11:39:23,223 [INFO] PluginManage:359 - Loaded plugin analytics (category:tool,tabindex:-1)
2024-03-18 11:39:23,223 [INFO] PluginManage:310 - Check plugin cadmodel
2024-03-18 11:39:23,227 [INFO] CADModel:105 - Init CAD model plugin
2024-03-18 11:39:23,227 [INFO] PluginManage:359 - Loaded plugin cadmodel (category:power,tabindex:5)
2024-03-18 11:39:23,228 [INFO] PluginManage:310 - Check plugin clock
2024-03-18 11:39:23,236 [INFO] PluginManage:359 - Loaded plugin clock (category:base,tabindex:2)
2024-03-18 11:39:23,237 [INFO] PluginManage:310 - Check plugin ddr
2024-03-18 11:39:23,239 [INFO] PluginManage:359 - Loaded plugin ddr (category:tool,tabindex:6)
2024-03-18 11:39:23,239 [INFO] PluginManage:310 - Check plugin filemanager
2024-03-18 11:39:23,417 [INFO] PluginManage:359 - Loaded plugin filemanager (category:base,tabindex:10)
2024-03-18 11:39:23,417 [INFO] PluginManage:310 - Check plugin ipmanager
2024-03-18 11:39:23,425 [INFO] PluginManage:359 - Loaded plugin ipmanager (category:base,tabindex:5)
2024-03-18 11:39:23,425 [INFO] PluginManage:310 - Check plugin lpbam
2024-03-18 11:39:23,434 [INFO] PluginManage:359 - Loaded plugin lpbam (category:base,tabindex:0)
2024-03-18 11:39:23,434 [INFO] PluginManage:310 - Check plugin memorymap
2024-03-18 11:39:23,447 [INFO] PluginManage:359 - Loaded plugin memorymap (category:base,tabindex:4)
2024-03-18 11:39:23,447 [INFO] PluginManage:310 - Check plugin pinoutandconfiguration
2024-03-18 11:39:23,455 [INFO] PluginManage:359 - Loaded plugin pinoutandconfiguration (category:base,tabindex:1)
2024-03-18 11:39:23,455 [INFO] PluginManage:310 - Check plugin pinoutconfig
2024-03-18 11:39:23,615 [WARN] SupportedApi:132 - Cannot load RTOS API schema: s4s-elt-must-match.1: The content of 'definitions' must match (annotation?, (simpleType | complexType)?, (unique | key | keyref)*)). A problem was found starting at: attribute.
2024-03-18 11:39:23,839 [INFO] PluginManage:359 - Loaded plugin pinoutconfig (category:base,tabindex:0)
2024-03-18 11:39:23,839 [INFO] PluginManage:310 - Check plugin power
2024-03-18 11:39:23,853 [INFO] PluginManage:359 - Loaded plugin power (category:power,tabindex:4)
2024-03-18 11:39:23,853 [INFO] PluginManage:310 - Check plugin projectmanager
2024-03-18 11:39:23,882 [INFO] PluginManage:359 - Loaded plugin projectmanager (category:projectmanager,tabindex:3)
2024-03-18 11:39:23,882 [INFO] PluginManage:310 - Check plugin thirdparty
2024-03-18 11:39:24,058 [INFO] PluginManage:359 - Loaded plugin thirdparty (category:base,tabindex:-1)
2024-03-18 11:39:24,058 [WARN] IntegrityCheckThread:84 - waiting for thirdparty lock release [integrity check]
2024-03-18 11:39:24,058 [INFO] PluginManage:310 - Check plugin tools
2024-03-18 11:39:24,058 [INFO] IntegrityCheckThread:86 - entering critical section [integrity check]
2024-03-18 11:39:24,059 [INFO] ThirdPartyUpdaterWithRetryManager:70 - Updater plugin not ready yet. [1/15]
2024-03-18 11:39:24,061 [INFO] PluginManage:359 - Loaded plugin tools (category:base,tabindex:7)
2024-03-18 11:39:24,061 [INFO] PluginManage:310 - Check plugin tutovideos
2024-03-18 11:39:24,260 [INFO] PluginManage:359 - Loaded plugin tutovideos (category:base,tabindex:-1)
2024-03-18 11:39:24,260 [INFO] PluginManage:310 - Check plugin updater
2024-03-18 11:39:24,272 [INFO] PluginManage:359 - Loaded plugin updater (category:base,tabindex:12)
2024-03-18 11:39:24,273 [INFO] PluginManage:310 - Check plugin userauth
2024-03-18 11:39:24,277 [INFO] UserAuth:114 - Init User Auth plugin
2024-03-18 11:39:24,277 [INFO] PluginManage:359 - Loaded plugin userauth (category:base,tabindex:14)
2024-03-18 11:39:24,278 [INFO] PluginManage:283 - PluginManage : Loaded plugins [17]
2024-03-18 11:39:24,552 [INFO] PinOutPanel:1499 - setPackage(No Configuration,No Configuration)
2024-03-18 11:39:24,636 [INFO] CADModel:165 - CPN selected for project level
2024-03-18 11:39:24,636 [INFO] CADModel:114 - Register for checkConnection events
2024-03-18 11:39:24,656 [INFO] IPUIPlugin:80 - create IPUIPlugin
2024-03-18 11:39:24,656 [INFO] PluginManager:220 - loadIPPluginJar : add adc
2024-03-18 11:39:24,662 [INFO] IPUIPlugin:80 - create IPUIPlugin
2024-03-18 11:39:24,662 [INFO] PluginManager:220 - loadIPPluginJar : add aes
2024-03-18 11:39:24,667 [INFO] IPUIPlugin:80 - create IPUIPlugin
2024-03-18 11:39:24,668 [INFO] PluginManager:220 - loadIPPluginJar : add can
2024-03-18 11:39:24,673 [INFO] IPUIPlugin:80 - create IPUIPlugin
2024-03-18 11:39:24,673 [INFO] PluginManager:220 - loadIPPluginJar : add comp
2024-03-18 11:39:24,677 [INFO] IPUIPlugin:80 - create IPUIPlugin
2024-03-18 11:39:24,677 [INFO] PluginManager:220 - loadIPPluginJar : add cryp
2024-03-18 11:39:24,681 [INFO] IPUIPlugin:80 - create IPUIPlugin
2024-03-18 11:39:24,681 [INFO] PluginManager:220 - loadIPPluginJar : add dfsdm
2024-03-18 11:39:24,686 [INFO] IPUIPlugin:80 - create IPUIPlugin
2024-03-18 11:39:24,687 [INFO] PluginManager:220 - loadIPPluginJar : add dma
2024-03-18 11:39:24,690 [INFO] IPUIPlugin:80 - create IPUIPlugin
2024-03-18 11:39:24,690 [INFO] PluginManager:220 - loadIPPluginJar : add dma3
2024-03-18 11:39:24,694 [INFO] IPUIPlugin:80 - create IPUIPlugin
2024-03-18 11:39:24,694 [INFO] PluginManager:220 - loadIPPluginJar : add fatfs
2024-03-18 11:39:24,698 [INFO] IPUIPlugin:80 - create IPUIPlugin
2024-03-18 11:39:24,698 [INFO] PluginManager:220 - loadIPPluginJar : add fmc
2024-03-18 11:39:24,706 [INFO] IPUIPlugin:80 - create IPUIPlugin
2024-03-18 11:39:24,707 [INFO] PluginManager:220 - loadIPPluginJar : add freertos
2024-03-18 11:39:24,711 [INFO] IPUIPlugin:80 - create IPUIPlugin
2024-03-18 11:39:24,711 [INFO] PluginManager:220 - loadIPPluginJar : add genericplugin
2024-03-18 11:39:24,713 [INFO] IPUIPlugin:80 - create IPUIPlugin
2024-03-18 11:39:24,713 [INFO] PluginManager:220 - loadIPPluginJar : add gfxmmu
2024-03-18 11:39:24,719 [INFO] IPUIPlugin:80 - create IPUIPlugin
2024-03-18 11:39:24,719 [INFO] PluginManager:220 - loadIPPluginJar : add gic
2024-03-18 11:39:24,727 [INFO] IPUIPlugin:80 - create IPUIPlugin
2024-03-18 11:39:24,727 [INFO] PluginManager:220 - loadIPPluginJar : add gpio
2024-03-18 11:39:24,731 [INFO] IPUIPlugin:80 - create IPUIPlugin
2024-03-18 11:39:24,732 [INFO] PluginManager:220 - loadIPPluginJar : add gtzc
2024-03-18 11:39:24,738 [INFO] IPUIPlugin:80 - create IPUIPlugin
2024-03-18 11:39:24,738 [INFO] PluginManager:220 - loadIPPluginJar : add hash
2024-03-18 11:39:24,741 [INFO] IPUIPlugin:80 - create IPUIPlugin
2024-03-18 11:39:24,741 [INFO] PluginManager:220 - loadIPPluginJar : add i2c
2024-03-18 11:39:24,744 [INFO] IPUIPlugin:80 - create IPUIPlugin
2024-03-18 11:39:24,744 [INFO] PluginManager:220 - loadIPPluginJar : add i2s
2024-03-18 11:39:24,747 [INFO] IPUIPlugin:80 - create IPUIPlugin
2024-03-18 11:39:24,747 [INFO] PluginManager:220 - loadIPPluginJar : add i3c
2024-03-18 11:39:24,752 [INFO] IPUIPlugin:80 - create IPUIPlugin
2024-03-18 11:39:24,752 [INFO] PluginManager:220 - loadIPPluginJar : add ipddr
2024-03-18 11:39:24,758 [INFO] IPUIPlugin:80 - create IPUIPlugin
2024-03-18 11:39:24,758 [INFO] PluginManager:220 - loadIPPluginJar : add linkedlist
2024-03-18 11:39:24,761 [INFO] IPUIPlugin:80 - create IPUIPlugin
2024-03-18 11:39:24,761 [INFO] PluginManager:220 - loadIPPluginJar : add lorawan
2024-03-18 11:39:24,763 [INFO] IPUIPlugin:80 - create IPUIPlugin
2024-03-18 11:39:24,763 [INFO] PluginManager:220 - loadIPPluginJar : add ltdc
2024-03-18 11:39:24,768 [INFO] IPUIPlugin:80 - create IPUIPlugin
2024-03-18 11:39:24,769 [INFO] PluginManager:220 - loadIPPluginJar : add mdma
2024-03-18 11:39:24,775 [INFO] IPUIPlugin:80 - create IPUIPlugin
2024-03-18 11:39:24,775 [INFO] PluginManager:220 - loadIPPluginJar : add nvic
2024-03-18 11:39:24,780 [INFO] IPUIPlugin:80 - create IPUIPlugin
2024-03-18 11:39:24,780 [INFO] PluginManager:220 - loadIPPluginJar : add opamp
2024-03-18 11:39:24,784 [INFO] IPUIPlugin:80 - create IPUIPlugin
2024-03-18 11:39:24,784 [INFO] PluginManager:220 - loadIPPluginJar : add openamp
2024-03-18 11:39:24,788 [INFO] IPUIPlugin:80 - create IPUIPlugin
2024-03-18 11:39:24,788 [INFO] PluginManager:220 - loadIPPluginJar : add pdm2pcm
2024-03-18 11:39:24,798 [INFO] IPUIPlugin:80 - create IPUIPlugin
2024-03-18 11:39:24,805 [INFO] PluginManager:220 - loadIPPluginJar : add plateformsettings
2024-03-18 11:39:24,806 [INFO] IPUIPlugin:80 - create IPUIPlugin
2024-03-18 11:39:24,807 [INFO] PluginManager:220 - loadIPPluginJar : add quadspi
2024-03-18 11:39:24,812 [INFO] IPUIPlugin:80 - create IPUIPlugin
2024-03-18 11:39:24,812 [INFO] PluginManager:220 - loadIPPluginJar : add resmgrutility
2024-03-18 11:39:24,815 [INFO] IPUIPlugin:80 - create IPUIPlugin
2024-03-18 11:39:24,815 [INFO] PluginManager:220 - loadIPPluginJar : add sai
2024-03-18 11:39:24,820 [INFO] IPUIPlugin:80 - create IPUIPlugin
2024-03-18 11:39:24,820 [INFO] PluginManager:220 - loadIPPluginJar : add spi
2024-03-18 11:39:24,824 [INFO] IPUIPlugin:80 - create IPUIPlugin
2024-03-18 11:39:24,824 [INFO] PluginManager:220 - loadIPPluginJar : add stm32_wpan
2024-03-18 11:39:24,826 [INFO] IPUIPlugin:80 - create IPUIPlugin
2024-03-18 11:39:24,826 [INFO] PluginManager:220 - loadIPPluginJar : add tim
2024-03-18 11:39:24,831 [INFO] IPUIPlugin:80 - create IPUIPlugin
2024-03-18 11:39:24,831 [INFO] PluginManager:220 - loadIPPluginJar : add touchsensing
2024-03-18 11:39:24,835 [INFO] IPUIPlugin:80 - create IPUIPlugin
2024-03-18 11:39:24,836 [INFO] PluginManager:220 - loadIPPluginJar : add tracer_emb
2024-03-18 11:39:24,837 [INFO] IPUIPlugin:80 - create IPUIPlugin
2024-03-18 11:39:24,837 [INFO] PluginManager:220 - loadIPPluginJar : add ts
2024-03-18 11:39:24,838 [INFO] IPUIPlugin:80 - create IPUIPlugin
2024-03-18 11:39:24,838 [INFO] PluginManager:220 - loadIPPluginJar : add tsc
2024-03-18 11:39:24,839 [INFO] IPUIPlugin:80 - create IPUIPlugin
2024-03-18 11:39:24,839 [INFO] PluginManager:220 - loadIPPluginJar : add ucpd
2024-03-18 11:39:24,842 [INFO] IPUIPlugin:80 - create IPUIPlugin
2024-03-18 11:39:24,842 [INFO] PluginManager:220 - loadIPPluginJar : add usart
2024-03-18 11:39:24,845 [INFO] IPUIPlugin:80 - create IPUIPlugin
2024-03-18 11:39:24,845 [INFO] PluginManager:220 - loadIPPluginJar : add usbx
2024-03-18 11:39:25,006 [INFO] CADModel:165 - CPN selected for project level
2024-03-18 11:39:25,006 [INFO] CADModel:114 - Register for checkConnection events
2024-03-18 11:39:25,006 [FATAL] Updater:308 - Updater called before beeing initialized
2024-03-18 11:39:25,007 [ERROR] CADModel:125 - Updater not yet initialized, retry later 
2024-03-18 11:39:25,411 [INFO] CADModel:165 - CPN selected for project level
2024-03-18 11:39:25,411 [INFO] CADModel:114 - Register for checkConnection events
2024-03-18 11:39:25,411 [FATAL] Updater:308 - Updater called before beeing initialized
2024-03-18 11:39:25,412 [ERROR] CADModel:125 - Updater not yet initialized, retry later 
2024-03-18 11:39:25,420 [FATAL] Updater:308 - Updater called before beeing initialized
2024-03-18 11:39:25,604 [FATAL] Updater:308 - Updater called before beeing initialized
2024-03-18 11:39:25,609 [INFO] DbMcusAds:53 - JSON generation date=Wed Nov 29 18:52:27 CST 2023 (1701255147349)
2024-03-18 11:39:25,609 [FATAL] Updater:308 - Updater called before beeing initialized
2024-03-18 11:39:25,654 [WARN] DetailPanel:346 - Failed to get advertising image, set to default
2024-03-18 11:39:25,885 [FATAL] Updater:308 - Updater called before beeing initialized
2024-03-18 11:39:25,887 [FATAL] Updater:308 - Updater called before beeing initialized
2024-03-18 11:39:25,887 [FATAL] Updater:308 - Updater called before beeing initialized
2024-03-18 11:39:25,887 [WARN] DetailPanel:346 - Failed to get advertising image, set to default
2024-03-18 11:39:25,889 [FATAL] Updater:308 - Updater called before beeing initialized
2024-03-18 11:39:25,963 [ERROR] Updater:1120 - MainUpdater not yet initialized. External WinMGr cannot be set.
2024-03-18 11:39:25,965 [INFO] Updater:1056 - Updater Version found : 6.10.0
2024-03-18 11:39:25,990 [INFO] ApplicationProperties:184 - Using Application install path: C:\ST\STM32CubeIDE_1.12.0\STM32CubeIDE\plugins\com.st.stm32cube.common.mx_6.10.0.202311202037
2024-03-18 11:39:26,658 [INFO] MainUpdater:2873 - connection check result : 10
2024-03-18 11:39:26,660 [INFO] MainUpdater:290 - Updater Check For Update Now.
2024-03-18 11:39:26,661 [INFO] MicroXplorer:498 - Change Database Version : DB.6.0.100
2024-03-18 11:39:26,678 [INFO] McuFinderGlobals:63 - Set McuFinder mode to 2 (CubeIDE integrated)
2024-03-18 11:39:26,678 [INFO] UserAuth:180 - activating auth plugin
2024-03-18 11:39:26,685 [INFO] UserAuth:404 - Internet connection configuration mode: 1
2024-03-18 11:39:26,722 [INFO] JxBrowserEngine:152 - Initiate JxBrowser Engine with user profile folder
2024-03-18 11:39:27,030 [INFO] CheckServerUpdateThread:120 - End of CheckServer Thread
2024-03-18 11:39:27,334 [WARN] PackLoader:240 - Cannot read IP mode file for STMicroelectronics.X-CUBE-SMBUS.2.1.0
2024-03-18 11:39:27,358 [WARN] PackLoader:240 - Cannot read IP mode file for STMicroelectronics.X-CUBE-TOUCHGFX.4.23.0
2024-03-18 11:39:27,409 [WARN] PackLoader:240 - Cannot read IP mode file for STMicroelectronics.X-CUBE-AZRTOS-F7.1.1.0
2024-03-18 11:39:27,418 [ERROR] RealEvaluatedCondition:428 - Found unsupported composite condition: CLASS='Data Exchange' GROUP='STM32_MetaDataManager'
2024-03-18 11:39:27,418 [ERROR] RealEvaluatedCondition:428 - Found unsupported composite condition: CLASS='Data Exchange' GROUP='STM32_MetaDataManager'
2024-03-18 11:39:27,420 [WARN] PackLoader:240 - Cannot read IP mode file for STMicroelectronics.FP-SNS-MOTENV1.4.3.0
2024-03-18 11:39:27,427 [WARN] PackLoader:240 - Cannot read IP mode file for STMicroelectronics.FP-SNS-MOTENV1.4.3.2
2024-03-18 11:39:27,434 [WARN] PackLoader:240 - Cannot read IP mode file for STMicroelectronics.FP-SNS-FLIGHT1.5.0.0
2024-03-18 11:39:27,439 [ERROR] RealEvaluatedCondition:428 - Found unsupported composite condition: CLASS='Data Exchange' GROUP='STM32_MetaDataManager'
2024-03-18 11:39:27,439 [ERROR] RealEvaluatedCondition:428 - Found unsupported composite condition: CLASS='Data Exchange' GROUP='STM32_MetaDataManager'
2024-03-18 11:39:27,440 [WARN] PackLoader:240 - Cannot read IP mode file for STMicroelectronics.FP-SNS-MOTENV1.4.3.1
2024-03-18 11:39:27,447 [WARN] PackLoader:240 - Cannot read IP mode file for STMicroelectronics.FP-SNS-FLIGHT1.5.0.1
2024-03-18 11:39:27,459 [WARN] PackLoader:240 - Cannot read IP mode file for STMicroelectronics.X-CUBE-BLE1.6.2.4
2024-03-18 11:39:27,465 [WARN] PackLoader:240 - Cannot read IP mode file for STMicroelectronics.FP-SNS-FLIGHT1.5.0.2
2024-03-18 11:39:27,476 [WARN] PackLoader:240 - Cannot read IP mode file for STMicroelectronics.X-CUBE-DISPLAY.3.0.0
2024-03-18 11:39:27,486 [WARN] PackLoader:240 - Cannot read IP mode file for STMicroelectronics.X-CUBE-BLE1.7.0.0
2024-03-18 11:39:27,489 [WARN] PackLoader:240 - Cannot read IP mode file for STMicroelectronics.X-CUBE-TOUCHGFX.4.22.0
2024-03-18 11:39:27,492 [WARN] PackLoader:240 - Cannot read IP mode file for STMicroelectronics.X-CUBE-TOUCHGFX.4.22.1
2024-03-18 11:39:27,506 [WARN] PackLoader:240 - Cannot read IP mode file for STMicroelectronics.X-CUBE-BLEMGR.3.1.0
2024-03-18 11:39:27,514 [WARN] PackLoader:240 - Cannot read IP mode file for STMicroelectronics.FP-SNS-SMARTAG2.1.2.0
2024-03-18 11:39:27,530 [INFO] LogOutputStream:77 - [STDOUT_REDIRECT] 1 : Invalid condition id : UX_CORESTACK_Condition cause : null
2024-03-18 11:39:27,531 [INFO] LogOutputStream:77 - [STDOUT_REDIRECT] 1 : Invalid condition id : UX_CORESTACK_Condition cause : null
2024-03-18 11:39:27,533 [INFO] LogOutputStream:77 - [STDOUT_REDIRECT] 1 : Invalid condition id : UX_CORESTACK_Condition cause : null
2024-03-18 11:39:27,536 [INFO] LogOutputStream:77 - [STDOUT_REDIRECT] 1 : Invalid condition id : UX_CORESTACK_Condition cause : null
2024-03-18 11:39:27,539 [INFO] LogOutputStream:77 - [STDOUT_REDIRECT] 1 : Invalid condition id : UX_CORESTACK_Condition cause : null
2024-03-18 11:39:27,543 [WARN] PackLoader:240 - Cannot read IP mode file for STMicroelectronics.X-CUBE-AZRTOS-WL.2.0.0
2024-03-18 11:39:27,556 [WARN] PackLoader:240 - Cannot read IP mode file for WES.I-CUBE-Cesium.1.3.0
2024-03-18 11:39:27,564 [WARN] PackLoader:240 - Cannot read IP mode file for STMicroelectronics.X-CUBE-BLE2.3.3.0
2024-03-18 11:39:27,572 [WARN] PackLoader:240 - Cannot read IP mode file for STMicroelectronics.X-CUBE-DISPLAY.2.2.0
2024-03-18 11:39:27,603 [WARN] PackLoader:240 - Cannot read IP mode file for STMicroelectronics.X-CUBE-TOF1.3.2.0
2024-03-18 11:39:27,613 [WARN] PackLoader:240 - Cannot read IP mode file for STMicroelectronics.X-CUBE-TOUCHGFX.4.21.1
2024-03-18 11:39:27,615 [WARN] PackLoader:240 - Cannot read IP mode file for STMicroelectronics.X-CUBE-TOUCHGFX.4.21.0
2024-03-18 11:39:27,617 [WARN] PackLoader:240 - Cannot read IP mode file for STMicroelectronics.X-CUBE-TOUCHGFX.4.21.3
2024-03-18 11:39:27,620 [WARN] PackLoader:240 - Cannot read IP mode file for STMicroelectronics.X-CUBE-TOUCHGFX.4.21.4
2024-03-18 11:39:27,702 [WARN] PackLoader:240 - Cannot read IP mode file for STMicroelectronics.X-CUBE-MEMS1.9.4.0
2024-03-18 11:39:27,992 [WARN] PackLoader:240 - Cannot read IP mode file for STMicroelectronics.X-CUBE-AI.7.3.0
2024-03-18 11:39:28,001 [WARN] PackLoader:240 - Cannot read IP mode file for STMicroelectronics.X-CUBE-ALGOBUILD.1.3.0
2024-03-18 11:39:28,043 [INFO] WebApp:161 - Instantiating new browser for Auth
2024-03-18 11:39:28,051 [WARN] PackLoader:240 - Cannot read IP mode file for STMicroelectronics.X-CUBE-AZRTOS-G0.1.1.0
2024-03-18 11:39:28,067 [WARN] PackLoader:240 - Cannot read IP mode file for STMicroelectronics.X-CUBE-NFC4.3.0.0
2024-03-18 11:39:28,089 [WARN] PackLoader:240 - Cannot read IP mode file for STMicroelectronics.X-CUBE-BLEMGR.3.0.0
2024-03-18 11:39:28,109 [WARN] PackLoader:240 - Cannot read IP mode file for STMicroelectronics.X-CUBE-BLEMGR.1.3.0
2024-03-18 11:39:28,121 [WARN] PackLoader:240 - Cannot read IP mode file for STMicroelectronics.FP-ATR-SIGFOX1.3.2.0
2024-03-18 11:39:28,133 [WARN] PackLoader:240 - Cannot read IP mode file for STMicroelectronics.X-CUBE-EEPRMA1.5.1.0
2024-03-18 11:39:28,212 [WARN] PackLoader:240 - Cannot read IP mode file for STMicroelectronics.X-CUBE-MEMS1.9.5.0
2024-03-18 11:39:28,429 [WARN] PackLoader:240 - Cannot read IP mode file for SEGGER.I-CUBE-embOS.1.3.1
2024-03-18 11:39:28,503 [WARN] PackLoader:240 - Cannot read IP mode file for SEGGER.I-CUBE-embOS.1.3.0
2024-03-18 11:39:28,540 [WARN] PackLoader:240 - Cannot read IP mode file for STMicroelectronics.X-CUBE-GNSS1.6.0.0
2024-03-18 11:39:28,556 [WARN] PackLoader:240 - Cannot read IP mode file for STMicroelectronics.X-CUBE-AZRTOS-F4.1.1.0
2024-03-18 11:39:28,575 [WARN] PackLoader:240 - Cannot read IP mode file for STMicroelectronics.X-CUBE-AZRTOS-L5.2.0.0
2024-03-18 11:39:28,614 [WARN] PackLoader:240 - Cannot read IP mode file for STMicroelectronics.X-CUBE-MEMS1.9.6.0
2024-03-18 11:39:28,773 [WARN] PackLoader:240 - Cannot read IP mode file for STMicroelectronics.X-CUBE-EEPRMA1.4.2.0
2024-03-18 11:39:28,780 [WARN] PackLoader:240 - Cannot read IP mode file for emotas.I-CUBE-CANOPEN.1.1.3
2024-03-18 11:39:28,786 [WARN] PackLoader:240 - Cannot read IP mode file for STMicroelectronics.X-CUBE-BLEMGR.2.0.0
2024-03-18 11:39:28,791 [WARN] PackLoader:240 - Cannot read IP mode file for STMicroelectronics.X-CUBE-NFC4.2.0.5
2024-03-18 11:39:28,809 [WARN] ConditionMgr:438 - getConditionDescription Invalid condition id : UX DEVICE CLASS RTOS Condition cause : null
2024-03-18 11:39:28,809 [WARN] ConditionMgr:438 - getConditionDescription Invalid condition id : UX DEVICE CLASS RTOS Condition cause : null
2024-03-18 11:39:28,814 [WARN] PackLoader:240 - Cannot read IP mode file for STMicroelectronics.X-CUBE-AZRTOS-H7.3.1.0
2024-03-18 11:39:28,816 [WARN] ConditionMgr:1039 - genDependencies : Invalid condition id : UX DEVICE CLASS RTOS Condition cause : null
2024-03-18 11:39:28,816 [WARN] ConditionMgr:1039 - genDependencies : Invalid condition id : UX DEVICE CLASS RTOS Condition cause : null
2024-03-18 11:39:28,817 [WARN] ConditionMgr:1039 - genDependencies : Invalid condition id : UX DEVICE CLASS RTOS Condition cause : null
2024-03-18 11:39:28,817 [WARN] ConditionMgr:1039 - genDependencies : Invalid condition id : UX DEVICE CLASS RTOS Condition cause : null
2024-03-18 11:39:28,817 [WARN] ConditionMgr:1039 - genDependencies : Invalid condition id : UX DEVICE CLASS RTOS Condition cause : null
2024-03-18 11:39:28,826 [WARN] PackLoader:240 - Cannot read IP mode file for wolfSSL.I-CUBE-wolfSSL.5.5.4
2024-03-18 11:39:28,832 [WARN] PackLoader:240 - Cannot read IP mode file for STMicroelectronics.X-CUBE-NFC7.1.0.1
2024-03-18 11:39:28,839 [WARN] PackLoader:240 - Cannot read IP mode file for STMicroelectronics.X-CUBE-NFC7.1.0.0
2024-03-18 11:39:28,848 [WARN] PackLoader:240 - Cannot read IP mode file for STMicroelectronics.X-CUBE-NFC6.3.0.0
2024-03-18 11:39:28,855 [WARN] PackLoader:240 - Cannot read IP mode file for STMicroelectronics.X-CUBE-EEPRMA1.4.1.0
2024-03-18 11:39:28,859 [WARN] PackLoader:240 - Cannot read IP mode file for STMicroelectronics.X-CUBE-AI.8.1.0
2024-03-18 11:39:28,927 [WARN] ConditionMgr:438 - getConditionDescription Invalid condition id : LAN8742 Phy interface Condition cause : null
2024-03-18 11:39:28,929 [WARN] PackLoader:240 - Cannot read IP mode file for STMicroelectronics.X-CUBE-AZRTOS-L4.2.0.0
2024-03-18 11:39:28,931 [WARN] ConditionMgr:1039 - genDependencies : Invalid condition id : LAN8742 Phy interface Condition cause : null
2024-03-18 11:39:28,931 [WARN] ConditionMgr:1039 - genDependencies : Invalid condition id : LAN8742 Phy interface Condition cause : null
2024-03-18 11:39:28,932 [WARN] ConditionMgr:1039 - genDependencies : Invalid condition id : LAN8742 Phy interface Condition cause : null
2024-03-18 11:39:28,950 [WARN] PackLoader:240 - Cannot read IP mode file for STMicroelectronics.X-CUBE-SFXS2LP1.4.0.0
2024-03-18 11:39:28,982 [WARN] PackLoader:240 - Cannot read IP mode file for STMicroelectronics.X-CUBE-AZRTOS-H7.3.0.0
2024-03-18 11:39:28,989 [WARN] PackLoader:240 - Cannot read IP mode file for STMicroelectronics.X-CUBE-ISPU.1.1.0
2024-03-18 11:39:28,996 [WARN] PackLoader:240 - Cannot read IP mode file for RoweBots.I-CUBE-UNISONRTOS.5.5.0-4
2024-03-18 11:39:29,001 [WARN] PackLoader:240 - Cannot read IP mode file for STMicroelectronics.X-CUBE-AI.8.0.0
2024-03-18 11:39:29,015 [WARN] ConditionMgr:438 - getConditionDescription Invalid condition id : UX DEVICE CLASS RTOS Condition cause : null
2024-03-18 11:39:29,015 [WARN] ConditionMgr:438 - getConditionDescription Invalid condition id : UX DEVICE CLASS RTOS Condition cause : null
2024-03-18 11:39:29,017 [WARN] PackLoader:240 - Cannot read IP mode file for STMicroelectronics.X-CUBE-AZRTOS-WB.2.0.0
2024-03-18 11:39:29,018 [WARN] ConditionMgr:1039 - genDependencies : Invalid condition id : UX DEVICE CLASS RTOS Condition cause : null
2024-03-18 11:39:29,018 [WARN] ConditionMgr:1039 - genDependencies : Invalid condition id : UX DEVICE CLASS RTOS Condition cause : null
2024-03-18 11:39:29,018 [WARN] ConditionMgr:1039 - genDependencies : Invalid condition id : UX DEVICE CLASS RTOS Condition cause : null
2024-03-18 11:39:29,018 [WARN] ConditionMgr:1039 - genDependencies : Invalid condition id : UX DEVICE CLASS RTOS Condition cause : null
2024-03-18 11:39:29,019 [WARN] ConditionMgr:1039 - genDependencies : Invalid condition id : UX DEVICE CLASS RTOS Condition cause : null
2024-03-18 11:39:29,024 [WARN] PackLoader:240 - Cannot read IP mode file for STMicroelectronics.X-CUBE-FREERTOS.1.0.0
2024-03-18 11:39:29,027 [WARN] PackLoader:240 - Cannot read IP mode file for STMicroelectronics.X-CUBE-FREERTOS.1.0.1
2024-03-18 11:39:29,041 [WARN] PackLoader:240 - Cannot read IP mode file for STMicroelectronics.X-CUBE-AZRTOS-L5.1.1.0
2024-03-18 11:39:29,045 [WARN] PackLoader:240 - Cannot read IP mode file for STMicroelectronics.X-CUBE-AI.8.0.1
2024-03-18 11:39:29,056 [WARN] PackLoader:240 - Cannot read IP mode file for STMicroelectronics.X-CUBE-SUBG2.5.0.0
2024-03-18 11:39:29,069 [WARN] PackLoader:240 - Cannot read IP mode file for STMicroelectronics.X-CUBE-TOF1.3.3.1
2024-03-18 11:39:29,091 [WARN] PackLoader:240 - Cannot read IP mode file for STMicroelectronics.X-CUBE-AZRTOS-G4.2.0.0
2024-03-18 11:39:29,103 [WARN] PackLoader:240 - Cannot read IP mode file for STMicroelectronics.X-CUBE-TOF1.3.3.0
2024-03-18 11:39:29,114 [WARN] PackLoader:240 - Cannot read IP mode file for STMicroelectronics.FP-ATR-ASTRA1.1.1.1
2024-03-18 11:39:29,127 [WARN] PackLoader:240 - Cannot read IP mode file for Infineon.AIROC-Wi-Fi-Bluetooth-STM32.1.5.1
2024-03-18 11:39:29,133 [WARN] PackLoader:240 - Cannot read IP mode file for STMicroelectronics.FP-SNS-MOTENVWB1.1.3.0
2024-03-18 11:39:29,136 [WARN] PackLoader:240 - Cannot read IP mode file for STMicroelectronics.FP-SNS-MOTENVWB1.1.3.1
2024-03-18 11:39:29,152 [WARN] PackLoader:240 - Cannot read IP mode file for STMicroelectronics.X-CUBE-AZRTOS-G4.1.0.0
2024-03-18 11:39:29,169 [WARN] PackLoader:240 - Cannot read IP mode file for STMicroelectronics.X-CUBE-AZRTOS-L4.1.0.0
2024-03-18 11:39:29,183 [WARN] PackLoader:240 - Cannot read IP mode file for STMicroelectronics.X-CUBE-ISPU.2.0.0
2024-03-18 11:39:29,221 [WARN] PackLoader:240 - Cannot read IP mode file for STMicroelectronics.X-CUBE-MEMS1.10.0.0
2024-03-18 11:39:29,237 [INFO] WebApp:780 - Register for checkConnection events
2024-03-18 11:39:29,237 [INFO] WebApp:414 - Apply proxy settings
2024-03-18 11:39:29,237 [INFO] WebApp:499 - Chromium requires no authentication
2024-03-18 11:39:29,246 [INFO] WebApp:442 - Direct internet connection detected
2024-03-18 11:39:29,341 [WARN] PackLoader:240 - Cannot read IP mode file for STMicroelectronics.X-CUBE-FREERTOS.1.1.0
2024-03-18 11:39:29,350 [WARN] PackLoader:240 - Cannot read IP mode file for STMicroelectronics.X-CUBE-AZRTOS-WL.1.0.0
2024-03-18 11:39:29,357 [WARN] PackLoader:240 - Cannot read IP mode file for portGmbH.I-Cube-SoM-uGOAL.1.1.0
2024-03-18 11:39:29,362 [WARN] PackLoader:240 - Cannot read IP mode file for STMicroelectronics.X-CUBE-ALS.1.0.1
2024-03-18 11:39:29,373 [WARN] PackLoader:240 - Cannot read IP mode file for STMicroelectronics.X-CUBE-AZRTOS-WB.1.1.0
2024-03-18 11:39:29,377 [WARN] PackLoader:240 - Cannot read IP mode file for STMicroelectronics.FP-ATR-ASTRA1.2.0.0
2024-03-18 11:39:29,386 [WARN] PackLoader:240 - Cannot read IP mode file for STMicroelectronics.X-CUBE-TOF1.3.4.0
2024-03-18 11:39:29,403 [WARN] PackLoader:240 - Cannot read IP mode file for STMicroelectronics.X-CUBE-TOF1.3.4.1
2024-03-18 11:39:29,430 [WARN] PackLoader:240 - Cannot read IP mode file for STMicroelectronics.X-CUBE-AZRTOS-H7.3.2.0
2024-03-18 11:39:29,434 [INFO] ThirdParty:978 - Integrity check success = true
2024-03-18 11:39:29,434 [INFO] IntegrityCheckThread:100 - exiting critical section [integrity check]
2024-03-18 11:39:29,434 [INFO] IntegrityCheckThread:103 - End integrity checks thread
2024-03-18 11:39:29,643 [INFO] WebApp:192 - Starting web application
2024-03-18 11:39:29,644 [INFO] WebApp:544 - Web application path used C:\ST\STM32CubeIDE_1.12.0\STM32CubeIDE\plugins\com.st.stm32cube.common.mx_6.10.0.202311202037\db\plugins\mcufinder\reactClient1\index.html
2024-03-18 11:39:50,640 [ERROR] LogOutputStream:75 - [STDERR_REDIRECT] SLF4J: Failed to load class "org.slf4j.impl.StaticLoggerBinder".
2024-03-18 11:39:50,641 [ERROR] LogOutputStream:75 - [STDERR_REDIRECT] SLF4J: Defaulting to no-operation (NOP) logger implementation
2024-03-18 11:39:50,643 [ERROR] LogOutputStream:75 - [STDERR_REDIRECT] SLF4J: See http://www.slf4j.org/codes.html#StaticLoggerBinder for further details.
2024-03-18 14:30:21,462 [ERROR] ConfigurationRetriever:142 - IOException on connection: sw-center.st.com
2024-03-18 14:30:21,464 [ERROR] ConfigurationRetriever:142 - IOException on connection: sw-center.st.com
2024-03-18 14:30:21,465 [ERROR] ConfigurationRetriever:142 - IOException on connection: sw-center.st.com
2024-03-18 14:30:21,516 [ERROR] ConfigurationRetriever:142 - IOException on connection: sw-center.st.com
2024-03-18 14:30:21,517 [ERROR] ConfigurationRetriever:142 - IOException on connection: sw-center.st.com
2024-03-18 14:30:21,517 [ERROR] ConfigurationRetriever:142 - IOException on connection: sw-center.st.com
2024-03-18 14:32:25,655 [ERROR] ConfigurationRetriever:142 - IOException on connection: sw-center.st.com
2024-03-18 14:32:25,657 [ERROR] ConfigurationRetriever:142 - IOException on connection: sw-center.st.com
2024-03-18 14:32:25,658 [ERROR] ConfigurationRetriever:142 - IOException on connection: sw-center.st.com
2024-03-18 14:32:25,723 [ERROR] ConfigurationRetriever:142 - IOException on connection: sw-center.st.com
2024-03-18 14:32:25,724 [ERROR] ConfigurationRetriever:142 - IOException on connection: sw-center.st.com
2024-03-18 14:32:25,725 [ERROR] ConfigurationRetriever:142 - IOException on connection: sw-center.st.com
2024-03-18 14:33:49,389 [ERROR] ConfigurationRetriever:142 - IOException on connection: sw-center.st.com
2024-03-18 14:33:49,390 [ERROR] ConfigurationRetriever:142 - IOException on connection: sw-center.st.com
2024-03-18 14:33:49,391 [ERROR] ConfigurationRetriever:142 - IOException on connection: sw-center.st.com
2024-03-18 14:33:49,441 [ERROR] ConfigurationRetriever:142 - IOException on connection: sw-center.st.com
2024-03-18 14:33:49,442 [ERROR] ConfigurationRetriever:142 - IOException on connection: sw-center.st.com
2024-03-18 14:33:49,443 [ERROR] ConfigurationRetriever:142 - IOException on connection: sw-center.st.com
2024-03-18 14:35:30,919 [ERROR] ConfigurationRetriever:142 - IOException on connection: sw-center.st.com
2024-03-18 14:35:30,919 [ERROR] ConfigurationRetriever:142 - IOException on connection: sw-center.st.com
2024-03-18 14:35:30,920 [ERROR] ConfigurationRetriever:142 - IOException on connection: sw-center.st.com
2024-03-18 14:35:33,799 [ERROR] ConfigurationRetriever:142 - IOException on connection: sw-center.st.com
2024-03-18 14:35:33,801 [ERROR] ConfigurationRetriever:142 - IOException on connection: sw-center.st.com
2024-03-18 14:35:33,802 [ERROR] ConfigurationRetriever:142 - IOException on connection: sw-center.st.com
2024-03-18 14:43:17,859 [ERROR] ConfigurationRetriever:142 - IOException on connection: sw-center.st.com
2024-03-18 14:43:17,860 [ERROR] ConfigurationRetriever:142 - IOException on connection: sw-center.st.com
2024-03-18 14:43:17,860 [ERROR] ConfigurationRetriever:142 - IOException on connection: sw-center.st.com
2024-03-18 14:43:21,712 [ERROR] ConfigurationRetriever:142 - IOException on connection: sw-center.st.com
2024-03-18 14:43:21,712 [ERROR] ConfigurationRetriever:142 - IOException on connection: sw-center.st.com
2024-03-18 14:43:21,713 [ERROR] ConfigurationRetriever:142 - IOException on connection: sw-center.st.com
2024-03-18 14:45:17,816 [ERROR] ConfigurationRetriever:142 - IOException on connection: sw-center.st.com
2024-03-18 14:45:17,816 [ERROR] ConfigurationRetriever:142 - IOException on connection: sw-center.st.com
2024-03-18 14:45:17,817 [ERROR] ConfigurationRetriever:142 - IOException on connection: sw-center.st.com
2024-03-18 14:45:17,840 [ERROR] ConfigurationRetriever:142 - IOException on connection: sw-center.st.com
2024-03-18 14:45:17,841 [ERROR] ConfigurationRetriever:142 - IOException on connection: sw-center.st.com
2024-03-18 14:45:17,841 [ERROR] ConfigurationRetriever:142 - IOException on connection: sw-center.st.com
2024-03-18 14:46:44,098 [ERROR] ConfigurationRetriever:142 - IOException on connection: sw-center.st.com
2024-03-18 14:46:44,099 [ERROR] ConfigurationRetriever:142 - IOException on connection: sw-center.st.com
2024-03-18 14:46:44,100 [ERROR] ConfigurationRetriever:142 - IOException on connection: sw-center.st.com
2024-03-18 14:46:44,133 [ERROR] ConfigurationRetriever:142 - IOException on connection: sw-center.st.com
2024-03-18 14:46:44,133 [ERROR] ConfigurationRetriever:142 - IOException on connection: sw-center.st.com
2024-03-18 14:46:44,133 [ERROR] ConfigurationRetriever:142 - IOException on connection: sw-center.st.com
2024-03-18 14:48:18,153 [ERROR] ConfigurationRetriever:142 - IOException on connection: sw-center.st.com
2024-03-18 14:48:18,154 [ERROR] ConfigurationRetriever:142 - IOException on connection: sw-center.st.com
2024-03-18 14:48:18,154 [ERROR] ConfigurationRetriever:142 - IOException on connection: sw-center.st.com
2024-03-18 14:48:18,437 [ERROR] ConfigurationRetriever:142 - IOException on connection: sw-center.st.com
2024-03-18 14:48:18,438 [ERROR] ConfigurationRetriever:142 - IOException on connection: sw-center.st.com
2024-03-18 14:48:18,439 [ERROR] ConfigurationRetriever:142 - IOException on connection: sw-center.st.com
