2024-03-22 13:58:31,416 [INFO] Activator:176 - 


2024-03-22 13:58:31,432 [INFO] Activator:177 - !SESSION log4j initialized
2024-03-22 13:58:37,219 [INFO] LogOutputStream:77 - [STDOUT_REDIRECT] 
2024-03-22 13:58:48,307 [INFO] ApplicationProperties:184 - Using Application install path: C:\ST\STM32CubeIDE_1.12.0\STM32CubeIDE\plugins\com.st.stm32cube.common.mx_6.10.0.202311202037
2024-03-22 13:58:48,326 [INFO] DbMcusXml:78 - Set database path to: C:\ST\STM32CubeIDE_1.12.0\STM32CubeIDE\plugins\com.st.stm32cube.common.mx_6.10.0.202311202037\\db\/mcu/
2024-03-22 13:58:48,326 [INFO] ApiDb:274 - Set plugin database path to: C:\ST\STM32CubeIDE_1.12.0\STM32CubeIDE\plugins\com.st.stm32cube.common.mx_6.10.0.202311202037\\db\/plugins/boardmanager/
2024-03-22 13:58:48,327 [WARN] ApiDb:259 - Overriding images path with different value:  => C:\ST\STM32CubeIDE_1.12.0\STM32CubeIDE\plugins\com.st.stm32cube.common.mx_6.10.0.202311202037\\db\/plugins/mcufinder/images/
2024-03-22 13:58:48,342 [INFO] ApiDb:250 - Set database path to: C:\Users\RD2\.stmcufinder\plugins\mcufinder//mcu/
2024-03-22 13:58:48,343 [INFO] DbMcusAds:125 - Set database path to: C:\Users\RD2\.stmcufinder\plugins\mcufinder//mcu/
2024-03-22 13:58:48,434 [INFO] CrossReferenceDbSqlite:203 - Set database path to: C:\Users\RD2\.stmcufinder\plugins\mcufinder//mcu/cs/
2024-03-22 13:58:48,553 [INFO] RulesReader:64 - Compatibility file has been processed (297 Rules)
2024-03-22 13:58:48,639 [INFO] DbMcusXml:78 - Set database path to: C:\ST\STM32CubeIDE_1.12.0\STM32CubeIDE\plugins\com.st.stm32cube.common.mx_6.10.0.202311202037\\db\/mcu/
2024-03-22 13:58:48,639 [INFO] ApiDb:274 - Set plugin database path to: C:\ST\STM32CubeIDE_1.12.0\STM32CubeIDE\plugins\com.st.stm32cube.common.mx_6.10.0.202311202037\\db\/plugins/boardmanager/
2024-03-22 13:58:48,639 [INFO] ApiDb:261 - Set plugin images path to: C:\ST\STM32CubeIDE_1.12.0\STM32CubeIDE\plugins\com.st.stm32cube.common.mx_6.10.0.202311202037\\db\/plugins/mcufinder/images/
2024-03-22 13:58:48,639 [WARN] DbFile:41 - Overriding database path with different value: C:\Users\RD2\.stmcufinder\plugins\mcufinder/ => C:\Users\RD2\.stmcufinder\plugins\mcufinder
2024-03-22 13:58:48,639 [INFO] ApiDb:250 - Set database path to: C:\Users\RD2\.stmcufinder\plugins\mcufinder//mcu/
2024-03-22 13:58:48,639 [WARN] DbFile:41 - Overriding database path with different value: C:\Users\RD2\.stmcufinder\plugins\mcufinder/ => C:\Users\RD2\.stmcufinder\plugins\mcufinder
2024-03-22 13:58:48,639 [INFO] DbMcusAds:125 - Set database path to: C:\Users\RD2\.stmcufinder\plugins\mcufinder//mcu/
2024-03-22 13:58:48,639 [WARN] DbFile:41 - Overriding database path with different value: C:\Users\RD2\.stmcufinder\plugins\mcufinder/ => C:\Users\RD2\.stmcufinder\plugins\mcufinder
2024-03-22 13:58:48,639 [WARN] DbFile:41 - Overriding database path with different value: C:\Users\RD2\.stmcufinder\plugins\mcufinder/ => C:\Users\RD2\.stmcufinder\plugins\mcufinder
2024-03-22 13:58:48,640 [INFO] CrossReferenceDbSqlite:203 - Set database path to: C:\Users\RD2\.stmcufinder\plugins\mcufinder//mcu/cs/
2024-03-22 13:58:48,727 [INFO] MainPanel:264 - HeapMemory: 268435456
2024-03-22 13:58:48,817 [INFO] DbMcusXml:78 - Set database path to: C:\ST\STM32CubeIDE_1.12.0\STM32CubeIDE\plugins\com.st.stm32cube.common.mx_6.10.0.202311202037\\db\/mcu/
2024-03-22 13:58:48,817 [INFO] ApiDb:274 - Set plugin database path to: C:\ST\STM32CubeIDE_1.12.0\STM32CubeIDE\plugins\com.st.stm32cube.common.mx_6.10.0.202311202037\\db\/plugins/boardmanager/
2024-03-22 13:58:48,817 [INFO] ApiDb:261 - Set plugin images path to: C:\ST\STM32CubeIDE_1.12.0\STM32CubeIDE\plugins\com.st.stm32cube.common.mx_6.10.0.202311202037\\db\/plugins/mcufinder/images/
2024-03-22 13:58:48,817 [WARN] DbFile:41 - Overriding database path with different value: C:\Users\RD2\.stmcufinder\plugins\mcufinder/ => C:\Users\RD2\.stmcufinder\plugins\mcufinder
2024-03-22 13:58:48,817 [INFO] ApiDb:250 - Set database path to: C:\Users\RD2\.stmcufinder\plugins\mcufinder//mcu/
2024-03-22 13:58:48,817 [WARN] DbFile:41 - Overriding database path with different value: C:\Users\RD2\.stmcufinder\plugins\mcufinder/ => C:\Users\RD2\.stmcufinder\plugins\mcufinder
2024-03-22 13:58:48,817 [INFO] DbMcusAds:125 - Set database path to: C:\Users\RD2\.stmcufinder\plugins\mcufinder//mcu/
2024-03-22 13:58:48,818 [WARN] DbFile:41 - Overriding database path with different value: C:\Users\RD2\.stmcufinder\plugins\mcufinder/ => C:\Users\RD2\.stmcufinder\plugins\mcufinder
2024-03-22 13:58:48,818 [WARN] DbFile:41 - Overriding database path with different value: C:\Users\RD2\.stmcufinder\plugins\mcufinder/ => C:\Users\RD2\.stmcufinder\plugins\mcufinder
2024-03-22 13:58:48,818 [INFO] CrossReferenceDbSqlite:203 - Set database path to: C:\Users\RD2\.stmcufinder\plugins\mcufinder//mcu/cs/
2024-03-22 13:58:48,834 [INFO] ApplicationProperties:184 - Using Application install path: C:\ST\STM32CubeIDE_1.12.0\STM32CubeIDE\plugins\com.st.stm32cube.common.mx_6.10.0.202311202037
2024-03-22 13:58:48,835 [INFO] PluginManage:196 - Search for loadable plugins [exclusion list=, ]
2024-03-22 13:58:48,836 [INFO] PluginManage:310 - Check plugin analytics
2024-03-22 13:58:58,200 [INFO] AnalyticsPlugin:253 - Accepted Software Licenses: 
2024-03-22 13:58:58,200 [INFO] AnalyticsPlugin:255 - Accepted CMSIS Pack Licenses: 
2024-03-22 13:58:58,200 [INFO] AnalyticsPlugin:257 - Accepted Firmware Licenses: FW.F4.1.27.0,FW.F4.1.28.0
2024-03-22 13:58:58,203 [INFO] PluginManage:359 - Loaded plugin analytics (category:tool,tabindex:-1)
2024-03-22 13:58:58,204 [INFO] PluginManage:310 - Check plugin cadmodel
2024-03-22 13:58:58,221 [INFO] CADModel:105 - Init CAD model plugin
2024-03-22 13:58:58,221 [INFO] PluginManage:359 - Loaded plugin cadmodel (category:power,tabindex:5)
2024-03-22 13:58:58,221 [INFO] PluginManage:310 - Check plugin clock
2024-03-22 13:58:58,240 [INFO] PluginManage:359 - Loaded plugin clock (category:base,tabindex:2)
2024-03-22 13:58:58,240 [INFO] PluginManage:310 - Check plugin ddr
2024-03-22 13:58:58,242 [INFO] PluginManage:359 - Loaded plugin ddr (category:tool,tabindex:6)
2024-03-22 13:58:58,242 [INFO] PluginManage:310 - Check plugin filemanager
2024-03-22 13:58:58,364 [INFO] PluginManage:359 - Loaded plugin filemanager (category:base,tabindex:10)
2024-03-22 13:58:58,365 [INFO] PluginManage:310 - Check plugin ipmanager
2024-03-22 13:58:58,371 [INFO] PluginManage:359 - Loaded plugin ipmanager (category:base,tabindex:5)
2024-03-22 13:58:58,371 [INFO] PluginManage:310 - Check plugin lpbam
2024-03-22 13:58:58,387 [INFO] PluginManage:359 - Loaded plugin lpbam (category:base,tabindex:0)
2024-03-22 13:58:58,387 [INFO] PluginManage:310 - Check plugin memorymap
2024-03-22 13:58:58,409 [INFO] PluginManage:359 - Loaded plugin memorymap (category:base,tabindex:4)
2024-03-22 13:58:58,409 [INFO] PluginManage:310 - Check plugin pinoutandconfiguration
2024-03-22 13:58:58,423 [INFO] PluginManage:359 - Loaded plugin pinoutandconfiguration (category:base,tabindex:1)
2024-03-22 13:58:58,423 [INFO] PluginManage:310 - Check plugin pinoutconfig
2024-03-22 13:58:58,509 [WARN] SupportedApi:132 - Cannot load RTOS API schema: s4s-elt-must-match.1: The content of 'definitions' must match (annotation?, (simpleType | complexType)?, (unique | key | keyref)*)). A problem was found starting at: attribute.
2024-03-22 13:58:58,677 [INFO] PluginManage:359 - Loaded plugin pinoutconfig (category:base,tabindex:0)
2024-03-22 13:58:58,677 [INFO] PluginManage:310 - Check plugin power
2024-03-22 13:58:58,695 [INFO] PluginManage:359 - Loaded plugin power (category:power,tabindex:4)
2024-03-22 13:58:58,695 [INFO] PluginManage:310 - Check plugin projectmanager
2024-03-22 13:58:58,711 [INFO] PluginManage:359 - Loaded plugin projectmanager (category:projectmanager,tabindex:3)
2024-03-22 13:58:58,711 [INFO] PluginManage:310 - Check plugin thirdparty
2024-03-22 13:58:58,968 [INFO] PluginManage:359 - Loaded plugin thirdparty (category:base,tabindex:-1)
2024-03-22 13:58:58,968 [WARN] IntegrityCheckThread:84 - waiting for thirdparty lock release [integrity check]
2024-03-22 13:58:58,969 [INFO] PluginManage:310 - Check plugin tools
2024-03-22 13:58:58,969 [INFO] IntegrityCheckThread:86 - entering critical section [integrity check]
2024-03-22 13:58:58,970 [INFO] ThirdPartyUpdaterWithRetryManager:70 - Updater plugin not ready yet. [1/15]
2024-03-22 13:58:59,002 [INFO] PluginManage:359 - Loaded plugin tools (category:base,tabindex:7)
2024-03-22 13:58:59,002 [INFO] PluginManage:310 - Check plugin tutovideos
2024-03-22 13:58:59,199 [INFO] PluginManage:359 - Loaded plugin tutovideos (category:base,tabindex:-1)
2024-03-22 13:58:59,199 [INFO] PluginManage:310 - Check plugin updater
2024-03-22 13:58:59,209 [INFO] PluginManage:359 - Loaded plugin updater (category:base,tabindex:12)
2024-03-22 13:58:59,209 [INFO] PluginManage:310 - Check plugin userauth
2024-03-22 13:58:59,216 [INFO] UserAuth:114 - Init User Auth plugin
2024-03-22 13:58:59,216 [INFO] PluginManage:359 - Loaded plugin userauth (category:base,tabindex:14)
2024-03-22 13:58:59,216 [INFO] PluginManage:283 - PluginManage : Loaded plugins [17]
2024-03-22 13:58:59,501 [INFO] PinOutPanel:1499 - setPackage(No Configuration,No Configuration)
2024-03-22 13:58:59,596 [INFO] CADModel:165 - CPN selected for project level
2024-03-22 13:58:59,596 [INFO] CADModel:114 - Register for checkConnection events
2024-03-22 13:58:59,626 [INFO] IPUIPlugin:80 - create IPUIPlugin
2024-03-22 13:58:59,626 [INFO] PluginManager:220 - loadIPPluginJar : add adc
2024-03-22 13:58:59,670 [INFO] IPUIPlugin:80 - create IPUIPlugin
2024-03-22 13:58:59,670 [INFO] PluginManager:220 - loadIPPluginJar : add aes
2024-03-22 13:58:59,727 [INFO] IPUIPlugin:80 - create IPUIPlugin
2024-03-22 13:58:59,727 [INFO] PluginManager:220 - loadIPPluginJar : add can
2024-03-22 13:58:59,765 [INFO] IPUIPlugin:80 - create IPUIPlugin
2024-03-22 13:58:59,766 [INFO] PluginManager:220 - loadIPPluginJar : add comp
2024-03-22 13:58:59,822 [INFO] IPUIPlugin:80 - create IPUIPlugin
2024-03-22 13:58:59,822 [INFO] PluginManager:220 - loadIPPluginJar : add cryp
2024-03-22 13:58:59,861 [INFO] IPUIPlugin:80 - create IPUIPlugin
2024-03-22 13:58:59,861 [INFO] PluginManager:220 - loadIPPluginJar : add dfsdm
2024-03-22 13:58:59,883 [INFO] IPUIPlugin:80 - create IPUIPlugin
2024-03-22 13:58:59,884 [INFO] PluginManager:220 - loadIPPluginJar : add dma
2024-03-22 13:58:59,949 [INFO] IPUIPlugin:80 - create IPUIPlugin
2024-03-22 13:58:59,949 [INFO] PluginManager:220 - loadIPPluginJar : add dma3
2024-03-22 13:58:59,976 [INFO] IPUIPlugin:80 - create IPUIPlugin
2024-03-22 13:58:59,976 [INFO] PluginManager:220 - loadIPPluginJar : add fatfs
2024-03-22 13:59:00,046 [INFO] IPUIPlugin:80 - create IPUIPlugin
2024-03-22 13:59:00,046 [INFO] PluginManager:220 - loadIPPluginJar : add fmc
2024-03-22 13:59:00,061 [INFO] IPUIPlugin:80 - create IPUIPlugin
2024-03-22 13:59:00,061 [INFO] PluginManager:220 - loadIPPluginJar : add freertos
2024-03-22 13:59:00,081 [INFO] IPUIPlugin:80 - create IPUIPlugin
2024-03-22 13:59:00,082 [INFO] PluginManager:220 - loadIPPluginJar : add genericplugin
2024-03-22 13:59:00,171 [INFO] IPUIPlugin:80 - create IPUIPlugin
2024-03-22 13:59:00,171 [INFO] PluginManager:220 - loadIPPluginJar : add gfxmmu
2024-03-22 13:59:00,280 [INFO] IPUIPlugin:80 - create IPUIPlugin
2024-03-22 13:59:00,280 [INFO] PluginManager:220 - loadIPPluginJar : add gic
2024-03-22 13:59:00,291 [INFO] IPUIPlugin:80 - create IPUIPlugin
2024-03-22 13:59:00,292 [INFO] PluginManager:220 - loadIPPluginJar : add gpio
